2025-10-18 13:44:43,679 - INFO - Dashboard
2025-10-18 13:45:08,935 - INFO - Payment
2025-10-18 13:45:11,281 - INFO - Student Card
2025-10-18 13:45:12,127 - INFO - Feedback
2025-10-18 13:45:14,934 - INFO - Personal
2025-10-18 13:45:19,131 - INFO - Courses
2025-10-18 13:45:26,008 - INFO - Personal
2025-10-18 13:45:34,604 - INFO - Successfully Updated - Username, Courses
2025-10-18 13:45:34,661 - INFO - Data successfully backed up to data/backups\msms_backup_2025-10-18_13-45-34.json
2025-10-18 13:45:34,669 - INFO - Personal
2025-10-18 13:45:52,450 - INFO - Data successfully backed up to data/backups\msms_backup_2025-10-18_13-45-52.json
2025-10-18 13:45:52,454 - INFO - Attendance
2025-10-18 13:45:52,970 - INFO - Data successfully backed up to data/backups\msms_backup_2025-10-18_13-45-52.json
2025-10-18 13:45:52,997 - INFO - Courses
2025-10-18 13:45:53,548 - INFO - Data successfully backed up to data/backups\msms_backup_2025-10-18_13-45-53.json
2025-10-18 13:45:53,559 - INFO - Dashboard
2025-10-18 13:45:56,866 - INFO - Data successfully backed up to data/backups\msms_backup_2025-10-18_13-45-56.json
2025-10-18 13:45:56,893 - INFO - Courses
2025-10-18 13:46:10,686 - INFO - Data successfully backed up to data/backups\msms_backup_2025-10-18_13-46-10.json
2025-10-18 13:46:10,709 - INFO - Courses
2025-10-18 13:46:12,546 - INFO - Data successfully backed up to data/backups\msms_backup_2025-10-18_13-46-12.json
2025-10-18 13:46:12,551 - INFO - Attendance
