2025-10-18 08:21:39,328 - INFO - Dashboard
2025-10-18 08:21:43,236 - INFO - Attendance
2025-10-18 08:21:44,451 - INFO - Check in Attendance
2025-10-18 08:21:44,452 - INFO - Attendance
2025-10-18 08:23:08,948 - INFO - Data successfully backed up to data/backups\msms_backup_2025-10-18_08-23-08.json
2025-10-18 08:23:08,961 - INFO - Courses
2025-10-18 08:23:09,971 - INFO - Data successfully backed up to data/backups\msms_backup_2025-10-18_08-23-09.json
2025-10-18 08:23:09,975 - INFO - Attendance
2025-10-18 08:23:11,204 - INFO - Data successfully backed up to data/backups\msms_backup_2025-10-18_08-23-11.json
2025-10-18 08:23:11,215 - INFO - Courses
2025-10-18 08:23:11,839 - INFO - Data successfully backed up to data/backups\msms_backup_2025-10-18_08-23-11.json
2025-10-18 08:23:11,844 - INFO - Attendance
2025-10-18 08:25:13,316 - INFO - Data successfully backed up to data/backups\msms_backup_2025-10-18_08-25-13.json
2025-10-18 08:25:13,320 - INFO - Attendance
2025-10-18 08:25:15,763 - INFO - Data successfully backed up to data/backups\msms_backup_2025-10-18_08-25-15.json
2025-10-18 08:25:15,768 - INFO - Attendance
2025-10-18 08:25:19,733 - INFO - Data successfully backed up to data/backups\msms_backup_2025-10-18_08-25-19.json
2025-10-18 08:25:19,741 - INFO - Payment
2025-10-18 08:25:20,226 - INFO - Data successfully backed up to data/backups\msms_backup_2025-10-18_08-25-20.json
2025-10-18 08:25:20,230 - INFO - Attendance
2025-10-18 08:25:26,221 - INFO - Data successfully backed up to data/backups\msms_backup_2025-10-18_08-25-26.json
2025-10-18 08:26:15,315 - INFO - Data successfully backed up to data/backups\msms_backup_2025-10-18_08-26-15.json
2025-10-18 08:26:15,516 - INFO - Courses
2025-10-18 08:26:35,615 - INFO - Data successfully backed up to data/backups\msms_backup_2025-10-18_08-26-35.json
2025-10-18 08:26:35,619 - INFO - Attendance
2025-10-18 08:26:36,298 - INFO - Data successfully backed up to data/backups\msms_backup_2025-10-18_08-26-36.json
2025-10-18 08:26:36,304 - INFO - Student Card
2025-10-18 08:26:37,084 - INFO - Data successfully backed up to data/backups\msms_backup_2025-10-18_08-26-37.json
2025-10-18 08:26:37,109 - INFO - Courses
2025-10-18 08:26:38,307 - INFO - Data successfully backed up to data/backups\msms_backup_2025-10-18_08-26-38.json
2025-10-18 08:26:38,311 - INFO - Attendance
2025-10-18 08:26:40,083 - INFO - Data successfully backed up to data/backups\msms_backup_2025-10-18_08-26-40.json
2025-10-18 08:26:40,111 - INFO - Courses
2025-10-18 08:26:41,267 - INFO - Data successfully backed up to data/backups\msms_backup_2025-10-18_08-26-41.json
2025-10-18 08:26:41,275 - INFO - Payment
2025-10-18 08:26:41,980 - INFO - Data successfully backed up to data/backups\msms_backup_2025-10-18_08-26-41.json
2025-10-18 08:26:41,985 - INFO - Attendance
2025-10-18 08:26:42,421 - INFO - Data successfully backed up to data/backups\msms_backup_2025-10-18_08-26-42.json
2025-10-18 08:26:42,450 - INFO - Courses
2025-10-18 08:26:43,021 - INFO - Data successfully backed up to data/backups\msms_backup_2025-10-18_08-26-43.json
2025-10-18 08:26:43,029 - INFO - Personal
